<?xml version="1.0" encoding="UTF-8"?>
<testsuite name="SumTest" tests="1" skipped="0" failures="0" errors="0" timestamp="2022-05-31T15:38:24" hostname="DESKTOP-NJ1IAQ9" time="0.0">
  <properties/>
  <testcase name="suma de dos numero, me devuelve resultado" classname="SumTest" time="0.0"/>
  <system-out><![CDATA[]]></system-out>
  <system-err><![CDATA[]]></system-err>
</testsuite>
