<?xml version="1.0" encoding="UTF-8"?>
<testsuite name="MultiplicationTest" tests="1" skipped="0" failures="0" errors="0" timestamp="2022-06-14T14:59:26" hostname="DESKTOP-NJ1IAQ9" time="0.019">
  <properties/>
  <testcase name="Realiza la multiplicacion entre dos variables()" classname="MultiplicationTest" time="0.019"/>
  <system-out><![CDATA[El resultado de multiplicar 6 por 2 es 12
]]></system-out>
  <system-err><![CDATA[]]></system-err>
</testsuite>
